<?xml version="1.0" encoding="UTF-8"?>
<!-- Generated by org.testng.reporters.JUnitReportReporter -->
<testsuite hostname="DESKTOP-99N73JI" failures="0" tests="1" name="tc.edgehome" time="7.842" errors="0" timestamp="2021-02-09T14:20:16 IST" skipped="0">
  <testcase classname="tc.edgehome" name="login1" time="7.842"/>
</testsuite> <!-- tc.edgehome -->
